<?xml version="1.0" encoding="UTF-8"?>
<!-- Generated by org.testng.reporters.JUnitReportReporter -->
<testsuite hostname="DESKTOP-1T4LVLH" failures="0" tests="1" name="com.herokuapp.theinternet.practice" time="30.996" errors="0" timestamp="2023-04-26T17:54:16 IST" skipped="0">
  <testcase classname="com.herokuapp.theinternet.practice" name="getID" time="30.996"/>
  <system-out/>
</testsuite> <!-- com.herokuapp.theinternet.practice -->
