<?xml version="1.0" encoding="UTF-8"?>
<!-- Generated by org.testng.reporters.JUnitReportReporter -->
<testsuite hostname="DESKTOP-1T4LVLH" failures="0" tests="1" name="com.herokuapp.theinternet.Antivirus" time="47.701" errors="0" timestamp="2023-05-23T15:02:04 IST" skipped="0">
  <testcase classname="com.herokuapp.theinternet.Antivirus" name="InvalidPenetrationTestName" time="47.701"/>
  <system-out/>
</testsuite> <!-- com.herokuapp.theinternet.Antivirus -->
