<?xml version="1.0" encoding="UTF-8"?>
<!-- Generated by org.testng.reporters.JUnitReportReporter -->
<testsuite hostname="DESKTOP-1T4LVLH" failures="0" tests="4" name="com.herokuapp.theinternet.BasicTest3" time="0.037" errors="0" timestamp="2023-04-10T15:31:48 IST" skipped="0">
  <testcase classname="com.herokuapp.theinternet.BasicTest3" name="TestLogin" time="0.013"/>
  <system-out/>
  <testcase classname="com.herokuapp.theinternet.BasicTest3" name="TestLogin" time="0.005"/>
  <system-out/>
  <testcase classname="com.herokuapp.theinternet.BasicTest3" name="TestLogin" time="0.013"/>
  <system-out/>
  <testcase classname="com.herokuapp.theinternet.BasicTest3" name="TestLogin" time="0.006"/>
  <system-out/>
</testsuite> <!-- com.herokuapp.theinternet.BasicTest3 -->
