<?xml version="1.0" encoding="UTF-8"?>
<!-- Generated by org.testng.reporters.JUnitReportReporter -->
<testsuite hostname="DESKTOP-1T4LVLH" failures="0" tests="1" name="com.herokuapp.theinternet.Chatgpt" time="0.985" errors="0" timestamp="2023-04-27T15:31:03 IST" skipped="0">
  <testcase classname="com.herokuapp.theinternet.Chatgpt" name="testJSONAPI" time="0.985"/>
  <system-out/>
</testsuite> <!-- com.herokuapp.theinternet.Chatgpt -->
