<?xml version="1.0" encoding="UTF-8"?>
<!-- Generated by org.testng.reporters.JUnitReportReporter -->
<testsuite hostname="DESKTOP-1T4LVLH" failures="0" tests="1" name="com.herokuapp.theinternet.PenetrationTest" time="229.948" errors="0" timestamp="2023-05-30T10:36:14 IST" skipped="0">
  <testcase classname="com.herokuapp.theinternet.PenetrationTest" name="ValidPenetrationTestNameForAPIPlatform3" time="229.948"/>
  <system-out/>
</testsuite> <!-- com.herokuapp.theinternet.PenetrationTest -->
