<?xml version="1.0" encoding="UTF-8"?>
<!-- Generated by org.testng.reporters.JUnitReportReporter -->
<testsuite hostname="DESKTOP-1T4LVLH" failures="0" tests="1" name="com.herokuapp.theinternet.CreateUser" time="59.222" errors="0" timestamp="2023-04-09T16:54:37 IST" skipped="0">
  <testcase classname="com.herokuapp.theinternet.CreateUser" name="creatingUser" time="59.222"/>
  <system-out/>
</testsuite> <!-- com.herokuapp.theinternet.CreateUser -->
