<?xml version="1.0" encoding="UTF-8"?>
<!-- Generated by org.testng.reporters.JUnitReportReporter -->
<testsuite hostname="DESKTOP-1T4LVLH" failures="0" tests="1" name="com.herokuapp.theinternet.LoginPage" time="30.144" errors="0" timestamp="2023-05-18T16:16:08 IST" skipped="0">
  <testcase classname="com.herokuapp.theinternet.LoginPage" name="creatingUser" time="30.144"/>
  <system-out/>
</testsuite> <!-- com.herokuapp.theinternet.LoginPage -->
