<?xml version="1.0" encoding="UTF-8"?>
<!-- Generated by org.testng.reporters.JUnitReportReporter -->
<testsuite hostname="DESKTOP-1T4LVLH" failures="0" tests="1" name="com.herokuapp.theinternet.CreateEcsCluster" time="31.782" errors="0" timestamp="2023-05-22T13:09:04 IST" skipped="0">
  <testcase classname="com.herokuapp.theinternet.CreateEcsCluster" name="EmptyClusterNameTextField" time="31.782"/>
  <system-out/>
</testsuite> <!-- com.herokuapp.theinternet.CreateEcsCluster -->
