<?xml version="1.0" encoding="UTF-8"?>
<!-- Generated by org.testng.reporters.JUnitReportReporter -->
<testsuite hostname="DESKTOP-1T4LVLH" failures="0" tests="1" name="com.herokuapp.theinternet.Token" time="0.707" errors="0" timestamp="2023-04-27T17:07:09 IST" skipped="0">
  <testcase classname="com.herokuapp.theinternet.Token" name="testMethod1" time="0.707"/>
  <system-out/>
</testsuite> <!-- com.herokuapp.theinternet.Token -->
