<?xml version="1.0" encoding="UTF-8"?>
<!-- Generated by org.testng.reporters.JUnitReportReporter -->
<testsuite hostname="DESKTOP-1T4LVLH" failures="0" tests="1" name="com.herokuapp.theinternet.BuildEnvironmentSetup" time="109.760" errors="0" timestamp="2023-05-30T12:56:28 IST" skipped="0">
  <testcase classname="com.herokuapp.theinternet.BuildEnvironmentSetup" name="ValidClusterNameForDev" time="109.760"/>
  <system-out/>
</testsuite> <!-- com.herokuapp.theinternet.BuildEnvironmentSetup -->
