<?xml version="1.0" encoding="UTF-8"?>
<!-- Generated by org.testng.reporters.JUnitReportReporter -->
<testsuite hostname="DESKTOP-1T4LVLH" failures="0" tests="1" name="com.herokuapp.theinternet.CreateEnvironment" time="40.597" errors="0" timestamp="2023-05-17T12:23:56 IST" skipped="0">
  <testcase classname="com.herokuapp.theinternet.CreateEnvironment" name="TestForExistingEnvironmentForNonProd" time="40.597"/>
  <system-out/>
</testsuite> <!-- com.herokuapp.theinternet.CreateEnvironment -->
