<?xml version="1.0" encoding="UTF-8"?>
<!-- Generated by org.testng.reporters.JUnitReportReporter -->
<testsuite hostname="DESKTOP-1T4LVLH" failures="0" tests="1" name="com.herokuapp.theinternet.DeleteID$DeleteSingleId" time="2.857" errors="0" timestamp="2023-05-05T16:07:31 IST" skipped="0">
  <testcase classname="com.herokuapp.theinternet.DeleteID$DeleteSingleId" name="callAPIforClusterDeleting" time="2.857"/>
  <system-out/>
</testsuite> <!-- com.herokuapp.theinternet.DeleteID$DeleteSingleId -->
