<?xml version="1.0" encoding="UTF-8"?>
<!-- Generated by org.testng.reporters.JUnitReportReporter -->
<testsuite hostname="DESKTOP-1T4LVLH" failures="0" tests="1" name="com.herokuapp.theinternet.AtDevEnvironment" time="35.469" errors="0" timestamp="2023-05-29T15:54:53 IST" skipped="0">
  <testcase classname="com.herokuapp.theinternet.AtDevEnvironment" name="TestForEmptyMainBranchTextField" time="35.469"/>
  <system-out/>
</testsuite> <!-- com.herokuapp.theinternet.AtDevEnvironment -->
