<?xml version="1.0" encoding="UTF-8"?>
<!-- Generated by org.testng.reporters.JUnitReportReporter -->
<testsuite hostname="DESKTOP-1T4LVLH" failures="0" tests="1" name="com.herokuapp.theinternet.AtDevDeploy" time="53.895" errors="0" timestamp="2023-05-29T16:59:22 IST" skipped="0">
  <testcase classname="com.herokuapp.theinternet.AtDevDeploy" name="TestForEmptySubDomainTextField" time="53.895"/>
  <system-out/>
</testsuite> <!-- com.herokuapp.theinternet.AtDevDeploy -->
