<?xml version="1.0" encoding="UTF-8"?>
<!-- Generated by org.testng.reporters.JUnitReportReporter -->
<testsuite hostname="DESKTOP-1T4LVLH" failures="0" tests="1" name="com.herokuapp.theinternet.CreateService" time="42.183" errors="0" timestamp="2023-05-29T12:42:45 IST" skipped="0">
  <testcase classname="com.herokuapp.theinternet.CreateService" name="ValidServiceName" time="42.183"/>
  <system-out/>
</testsuite> <!-- com.herokuapp.theinternet.CreateService -->
