<?xml version="1.0" encoding="UTF-8"?>
<!-- Generated by org.testng.reporters.JUnitReportReporter -->
<testsuite hostname="DESKTOP-1T4LVLH" failures="0" tests="1" name="com.herokuapp.theinternet.APIcall" time="2.594" errors="0" timestamp="2023-04-26T19:11:11 IST" skipped="0">
  <testcase classname="com.herokuapp.theinternet.APIcall" name="callAPIforClusterDeleting" time="2.594"/>
  <system-out/>
</testsuite> <!-- com.herokuapp.theinternet.APIcall -->
